<?xml version="1.0" encoding="UTF-8"?>
<!-- Generated by org.testng.reporters.JUnitReportReporter -->
<testsuite skipped="0" hostname="AKBAR" name="com.lift_co.tests.writeReviewTest_forLoggedUser" tests="1" failures="0" timestamp="16 Jan 2019 08:55:02 GMT" time="23.550" errors="0">
  <testcase name="verify" time="23.550" classname="com.lift_co.tests.writeReviewTest_forLoggedUser"/>
</testsuite> <!-- com.lift_co.tests.writeReviewTest_forLoggedUser -->
