<?xml version="1.0" encoding="UTF-8"?>
<!-- Generated by org.testng.reporters.JUnitReportReporter -->
<testsuite skipped="0" hostname="AKBAR" name="com.lift_co.tests.MagazinePageTest" tests="1" failures="0" timestamp="06 Feb 2019 09:33:35 GMT" time="14.708" errors="0">
  <testcase name="verify_MagazinePage_Test" time="14.708" classname="com.lift_co.tests.MagazinePageTest"/>
</testsuite> <!-- com.lift_co.tests.MagazinePageTest -->
