<?xml version="1.0" encoding="UTF-8"?>
<!-- Generated by org.testng.reporters.JUnitReportReporter -->
<testsuite skipped="0" hostname="AKBAR" name="com.lift_co.tests.Favorites_Test" tests="1" failures="0" timestamp="06 Feb 2019 09:33:34 GMT" time="22.207" errors="0">
  <testcase name="verify_Favorite_product_Test" time="22.207" classname="com.lift_co.tests.Favorites_Test"/>
</testsuite> <!-- com.lift_co.tests.Favorites_Test -->
