<?xml version="1.0" encoding="UTF-8"?>
<!-- Generated by org.testng.reporters.JUnitReportReporter -->
<testsuite skipped="2" hostname="AKBAR" name="com.lift_co.tests.LoginPageTest" tests="3" failures="0" timestamp="15 Jan 2019 08:44:39 GMT" time="14.395" errors="0">
  <testcase name="writingReview_user" time="14.395" classname="com.lift_co.tests.LoginPageTest"/>
  <testcase name="loginTest" classname="com.lift_co.tests.LoginPageTest">
    <skipped/>
  </testcase> <!-- loginTest -->
  <testcase name="loginPageTitleTest" classname="com.lift_co.tests.LoginPageTest">
    <skipped/>
  </testcase> <!-- loginPageTitleTest -->
</testsuite> <!-- com.lift_co.tests.LoginPageTest -->
