<?xml version="1.0" encoding="UTF-8"?>
<!-- Generated by org.testng.reporters.JUnitReportReporter -->
<testsuite skipped="0" hostname="AKBAR" name="com.lift_co.tests.RegistrationPageTest" tests="1" failures="0" timestamp="06 Feb 2019 09:33:34 GMT" time="32.582" errors="0">
  <testcase name="registration_Test" time="32.582" classname="com.lift_co.tests.RegistrationPageTest"/>
</testsuite> <!-- com.lift_co.tests.RegistrationPageTest -->
