<?xml version="1.0" encoding="UTF-8"?>
<!-- Generated by org.testng.reporters.JUnitReportReporter -->
<testsuite skipped="0" hostname="AKBAR" name="com.lift_co.tests.RecommendationTest" tests="2" failures="0" timestamp="06 Feb 2019 09:33:34 GMT" time="35.267" errors="0">
  <testcase name="verify_Recommendation_Recom_1" time="16.775" classname="com.lift_co.tests.RecommendationTest"/>
  <testcase name="verify_GuestUserShouldNotAllow_toReview_withoutSignin" time="18.492" classname="com.lift_co.tests.RecommendationTest"/>
</testsuite> <!-- com.lift_co.tests.RecommendationTest -->
