<?xml version="1.0" encoding="UTF-8"?>
<!-- Generated by org.testng.reporters.JUnitReportReporter -->
<testsuite skipped="0" hostname="AKBAR" name="com.lift_co.tests.Pract_Test" tests="1" failures="0" timestamp="13 Feb 2019 06:37:16 GMT" time="59.374" errors="0">
  <testcase name="writeReviewTest_forLoggedUser" time="59.374" classname="com.lift_co.tests.Pract_Test"/>
</testsuite> <!-- com.lift_co.tests.Pract_Test -->
