<?xml version="1.0" encoding="UTF-8"?>
<!-- Generated by org.testng.reporters.JUnitReportReporter -->
<testsuite skipped="0" hostname="AKBAR" name="com.lift_co.tests.SearchTest" tests="1" failures="0" timestamp="06 Feb 2019 09:33:34 GMT" time="21.749" errors="0">
  <testcase name="validate_Producer_searchFieldTest" time="21.749" classname="com.lift_co.tests.SearchTest"/>
</testsuite> <!-- com.lift_co.tests.SearchTest -->
