<?xml version="1.0" encoding="UTF-8"?>
<!-- Generated by org.testng.reporters.JUnitReportReporter -->
<testsuite skipped="1" hostname="AKBAR" name="com.lift_co.tests.WriteReviewTest" tests="2" failures="0" timestamp="06 Feb 2019 09:33:34 GMT" time="56.798" errors="0">
  <testcase name="writeReviewTest_forLoggedUser" time="56.798" classname="com.lift_co.tests.WriteReviewTest"/>
  <testcase name="writeReviewsFor_new_clinics" classname="com.lift_co.tests.WriteReviewTest">
    <skipped/>
  </testcase> <!-- writeReviewsFor_new_clinics -->
</testsuite> <!-- com.lift_co.tests.WriteReviewTest -->
