<?xml version="1.0" encoding="UTF-8"?>
<!-- Generated by org.testng.reporters.JUnitReportReporter -->
<testsuite skipped="0" hostname="AKBAR" name="com.lift_co.tests.Pract_Fav_Test" tests="1" failures="0" timestamp="01 Feb 2019 05:38:23 GMT" time="30.256" errors="0">
  <testcase name="verify_Favorite_product_Test" time="30.256" classname="com.lift_co.tests.Pract_Fav_Test"/>
</testsuite> <!-- com.lift_co.tests.Pract_Fav_Test -->
